Using pre-set license
Built from '2021.3/staging' branch; Version is '2021.3.16f1 (4016570cf34f) revision 4200023'; Using compiler version '192829333'; Build Type 'Release'
OS: 'Windows 11  (10.0.22621) 64bit Core' Language: 'ru' Physical Memory: 32581 MB
BatchMode: 1, IsHumanControllingUs: 0, StartBugReporterOnCrash: 0, Is64bit: 1, IsPro: 1

COMMAND LINE ARGUMENTS:
E:\Unity\2021.3.16f1\Editor\Unity.exe
-adb2
-batchMode
-noUpm
-name
AssetImportWorker0
-projectPath
E:/IJunior/dz_spawn
-logFile
Logs/AssetImportWorker0.log
-srvPort
50506
Successfully changed project path to: E:/IJunior/dz_spawn
E:/IJunior/dz_spawn
[UnityMemory] Configuration Parameters - Can be set up in boot.config
    "memorysetup-bucket-allocator-granularity=16"
    "memorysetup-bucket-allocator-bucket-count=8"
    "memorysetup-bucket-allocator-block-size=33554432"
    "memorysetup-bucket-allocator-block-count=8"
    "memorysetup-main-allocator-block-size=16777216"
    "memorysetup-thread-allocator-block-size=16777216"
    "memorysetup-gfx-main-allocator-block-size=16777216"
    "memorysetup-gfx-thread-allocator-block-size=16777216"
    "memorysetup-cache-allocator-block-size=4194304"
    "memorysetup-typetree-allocator-block-size=2097152"
    "memorysetup-profiler-bucket-allocator-granularity=16"
    "memorysetup-profiler-bucket-allocator-bucket-count=8"
    "memorysetup-profiler-bucket-allocator-block-size=33554432"
    "memorysetup-profiler-bucket-allocator-block-count=8"
    "memorysetup-profiler-allocator-block-size=16777216"
    "memorysetup-profiler-editor-allocator-block-size=1048576"
    "memorysetup-temp-allocator-size-main=16777216"
    "memorysetup-job-temp-allocator-block-size=2097152"
    "memorysetup-job-temp-allocator-block-size-background=1048576"
    "memorysetup-job-temp-allocator-reduction-small-platforms=262144"
    "memorysetup-temp-allocator-size-background-worker=32768"
    "memorysetup-temp-allocator-size-job-worker=262144"
    "memorysetup-temp-allocator-size-preload-manager=33554432"
    "memorysetup-temp-allocator-size-nav-mesh-worker=65536"
    "memorysetup-temp-allocator-size-audio-worker=65536"
    "memorysetup-temp-allocator-size-cloud-worker=32768"
    "memorysetup-temp-allocator-size-gi-baking-worker=262144"
    "memorysetup-temp-allocator-size-gfx=262144"
Player connection [29148] Host "[IP] 192.168.0.3 [Port] 0 [Flags] 2 [Guid] 829667696 [EditorId] 829667696 [Version] 1048832 [Id] WindowsEditor(7,Rem) [Debug] 1 [PackageName] WindowsEditor [ProjectName] Editor" joined multi-casting on [225.0.0.222:54997]...

Player connection [29148] Host "[IP] 192.168.0.3 [Port] 0 [Flags] 2 [Guid] 829667696 [EditorId] 829667696 [Version] 1048832 [Id] WindowsEditor(7,Rem) [Debug] 1 [PackageName] WindowsEditor [ProjectName] Editor" joined alternative multi-casting on [225.0.0.222:34997]...

Refreshing native plugins compatible for Editor in 61.74 ms, found 3 plugins.
Preloading 0 native plugins for Editor in 0.00 ms.
Initialize engine version: 2021.3.16f1 (4016570cf34f)
[Subsystems] Discovering subsystems at path E:/Unity/2021.3.16f1/Editor/Data/Resources/UnitySubsystems
[Subsystems] Discovering subsystems at path E:/IJunior/dz_spawn/Assets
GfxDevice: creating device client; threaded=0; jobified=0
Direct3D:
    Version:  Direct3D 11.0 [level 11.1]
    Renderer: NVIDIA GeForce RTX 3050 (ID=0x2507)
    Vendor:   NVIDIA
    VRAM:     8056 MB
    Driver:   31.0.15.3699
Initialize mono
Mono path[0] = 'E:/Unity/2021.3.16f1/Editor/Data/Managed'
Mono path[1] = 'E:/Unity/2021.3.16f1/Editor/Data/MonoBleedingEdge/lib/mono/unityjit-win32'
Mono config path = 'E:/Unity/2021.3.16f1/Editor/Data/MonoBleedingEdge/etc'
Using monoOptions --debugger-agent=transport=dt_socket,embedding=1,server=y,suspend=n,address=127.0.0.1:56648
Begin MonoManager ReloadAssembly
Registering precompiled unity dll's ...
Register platform support module: E:/Unity/2021.3.16f1/Editor/Data/PlaybackEngines/WebGLSupport/UnityEditor.WebGL.Extensions.dll
Register platform support module: E:/Unity/2021.3.16f1/Editor/Data/PlaybackEngines/AndroidPlayer/UnityEditor.Android.Extensions.dll
Register platform support module: E:/Unity/2021.3.16f1/Editor/Data/PlaybackEngines/WindowsStandaloneSupport/UnityEditor.WindowsStandalone.Extensions.dll
Registered in 0.001101 seconds.
Native extension for WindowsStandalone target not found
Native extension for Android target not found
Native extension for WebGL target not found
Refreshing native plugins compatible for Editor in 48.91 ms, found 3 plugins.
Preloading 0 native plugins for Editor in 0.00 ms.
Mono: successfully reloaded assembly
- Completed reload, in  0.408 seconds
Domain Reload Profiling:
	ReloadAssembly (409ms)
		BeginReloadAssembly (41ms)
			ExecutionOrderSort (0ms)
			DisableScriptedObjects (0ms)
			BackupInstance (0ms)
			ReleaseScriptingObjects (0ms)
			CreateAndSetChildDomain (0ms)
		EndReloadAssembly (303ms)
			LoadAssemblies (41ms)
			RebuildTransferFunctionScriptingTraits (0ms)
			SetupTypeCache (70ms)
			ReleaseScriptCaches (0ms)
			RebuildScriptCaches (23ms)
			SetupLoadedEditorAssemblies (179ms)
				LogAssemblyErrors (0ms)
				InitializePlatformSupportModulesInManaged (35ms)
				SetLoadedEditorAssemblies (0ms)
				RefreshPlugins (49ms)
				BeforeProcessingInitializeOnLoad (1ms)
				ProcessInitializeOnLoadAttributes (64ms)
				ProcessInitializeOnLoadMethodAttributes (29ms)
				AfterProcessingInitializeOnLoad (0ms)
				EditorAssembliesLoaded (0ms)
			ExecutionOrderSort2 (0ms)
			AwakeInstancesAfterBackupRestoration (0ms)
Platform modules already initialized, skipping
Registering precompiled user dll's ...
Registered in 0.002477 seconds.
Begin MonoManager ReloadAssembly
Symbol file LoadedFromMemory doesn't match image E:\IJunior\dz_spawn\Library\PackageCache\com.unity.visualscripting@1.7.8\Editor\VisualScripting.Core\Dependencies\YamlDotNet\Unity.VisualScripting.YamlDotNet.dll
Symbol file LoadedFromMemory doesn't match image E:\IJunior\dz_spawn\Library\PackageCache\com.unity.visualscripting@1.7.8\Editor\VisualScripting.Core\Dependencies\DotNetZip\Unity.VisualScripting.IonicZip.dll
Native extension for WindowsStandalone target not found
Native extension for Android target not found
Native extension for WebGL target not found
Refreshing native plugins compatible for Editor in 0.39 ms, found 3 plugins.
Preloading 0 native plugins for Editor in 0.00 ms.
Mono: successfully reloaded assembly
- Completed reload, in  0.755 seconds
Domain Reload Profiling:
	ReloadAssembly (756ms)
		BeginReloadAssembly (178ms)
			ExecutionOrderSort (0ms)
			DisableScriptedObjects (4ms)
			BackupInstance (0ms)
			ReleaseScriptingObjects (0ms)
			CreateAndSetChildDomain (127ms)
		EndReloadAssembly (511ms)
			LoadAssemblies (44ms)
			RebuildTransferFunctionScriptingTraits (0ms)
			SetupTypeCache (174ms)
			ReleaseScriptCaches (0ms)
			RebuildScriptCaches (33ms)
			SetupLoadedEditorAssemblies (226ms)
				LogAssemblyErrors (0ms)
				InitializePlatformSupportModulesInManaged (8ms)
				SetLoadedEditorAssemblies (0ms)
				RefreshPlugins (0ms)
				BeforeProcessingInitializeOnLoad (48ms)
				ProcessInitializeOnLoadAttributes (151ms)
				ProcessInitializeOnLoadMethodAttributes (17ms)
				AfterProcessingInitializeOnLoad (1ms)
				EditorAssembliesLoaded (0ms)
			ExecutionOrderSort2 (0ms)
			AwakeInstancesAfterBackupRestoration (5ms)
Platform modules already initialized, skipping
========================================================================
Worker process is ready to serve import requests
Launched and connected shader compiler UnityShaderCompiler.exe after 0.03 seconds
Refreshing native plugins compatible for Editor in 0.43 ms, found 3 plugins.
Preloading 0 native plugins for Editor in 0.00 ms.
Unloading 3377 Unused Serialized files (Serialized files now loaded: 0)
Unloading 27 unused Assets / (114.4 KB). Loaded Objects now: 3851.
Memory consumption went from 188.2 MB to 188.1 MB.
Total: 2.425200 ms (FindLiveObjects: 0.163700 ms CreateObjectMapping: 0.068200 ms MarkObjects: 2.108100 ms  DeleteObjects: 0.084300 ms)

AssetImportParameters requested are different than current active one (requested -> active):
  custom:video-decoder-ogg-theora: a1e56fd34408186e4bbccfd4996cb3dc -> 
  custom:container-muxer-webm: aa71ff27fc2769a1b78a27578f13a17b -> 
  custom:container-demuxer-webm: 4f35f7cbe854078d1ac9338744f61a02 -> 
  custom:video-encoder-webm-vp8: eb34c28f22e8b96e1ab97ce403110664 -> 
  custom:audio-encoder-webm-vorbis: bf7c407c2cedff20999df2af8eb42d56 -> 
  custom:framework-win-MediaFoundation: 216162199b28c13a410421893ffa2e32 -> 
  custom:container-demuxer-ogg: 62fdf1f143b41e24485cea50d1cbac27 -> 
  custom:video-decoder-webm-vp8: 9c59270c3fd7afecdb556c50c9e8de78 -> 
  custom:audio-decoder-ogg-vorbis: bf7c407c2cedff20999df2af8eb42d56 -> 
========================================================================
Received Import Request.
  Time since last request: 1228394.541375 seconds.
  path: Assets/Scripts/Spawn.cs
  artifactKey: Guid(0b49ffb52dac9124cbdbe09a5d650af7) Importer(815301076,1909f56bfc062723c751e8b465ee728b)
Start importing Assets/Scripts/Spawn.cs using Guid(0b49ffb52dac9124cbdbe09a5d650af7) Importer(815301076,1909f56bfc062723c751e8b465ee728b)  -> (artifact id: 'a2941ae642b45d3e5002fd6ea026d8d1') in 0.050084 seconds 
========================================================================
Received Import Request.
  Time since last request: 59.491754 seconds.
  path: Assets/JKT_ART/mon_00/fbx/box.FBX
  artifactKey: Guid(286af58ecb2636a4cb75d2b6edde1050) Importer(815301076,1909f56bfc062723c751e8b465ee728b)
Start importing Assets/JKT_ART/mon_00/fbx/box.FBX using Guid(286af58ecb2636a4cb75d2b6edde1050) Importer(815301076,1909f56bfc062723c751e8b465ee728b)  -> (artifact id: '8c45302536f60e8da1a25cd6c7611269') in 0.145789 seconds 
========================================================================
Received Import Request.
  Time since last request: 0.764235 seconds.
  path: Assets/JKT_ART/mon_00/materials/mon_body.mat
  artifactKey: Guid(0e113a844b4af3e49bf97fb592754819) Importer(815301076,1909f56bfc062723c751e8b465ee728b)
Start importing Assets/JKT_ART/mon_00/materials/mon_body.mat using Guid(0e113a844b4af3e49bf97fb592754819) Importer(815301076,1909f56bfc062723c751e8b465ee728b)  -> (artifact id: '54f0bfd722bb84d964cf6998d9e4d620') in 0.036499 seconds 
========================================================================
Received Import Request.
  Time since last request: 0.000022 seconds.
  path: Assets/JKT_ART/mon_00/materials/smoke_02.mat
  artifactKey: Guid(f7011f71b4d03734aa82330b4c0a64ea) Importer(815301076,1909f56bfc062723c751e8b465ee728b)
Start importing Assets/JKT_ART/mon_00/materials/smoke_02.mat using Guid(f7011f71b4d03734aa82330b4c0a64ea) Importer(815301076,1909f56bfc062723c751e8b465ee728b)  -> (artifact id: '65f05b8eb92bbc9bdd476b5a6f705674') in 0.060662 seconds 
========================================================================
Received Import Request.
  Time since last request: 0.000032 seconds.
  path: Assets/JKT_ART/mon_00/materials/spark_fx02.mat
  artifactKey: Guid(8a167f6ec39352540ab96a9ed7e9b9f6) Importer(815301076,1909f56bfc062723c751e8b465ee728b)
Start importing Assets/JKT_ART/mon_00/materials/spark_fx02.mat using Guid(8a167f6ec39352540ab96a9ed7e9b9f6) Importer(815301076,1909f56bfc062723c751e8b465ee728b)  -> (artifact id: '99a9be6fe5895b9e898129ec9151fca6') in 0.053912 seconds 
========================================================================
Received Import Request.
  Time since last request: 0.000033 seconds.
  path: Assets/JKT_ART/mon_00/materials/spark_fx01.mat
  artifactKey: Guid(87622ba435e91e141b2dff4e02563a78) Importer(815301076,1909f56bfc062723c751e8b465ee728b)
Start importing Assets/JKT_ART/mon_00/materials/spark_fx01.mat using Guid(87622ba435e91e141b2dff4e02563a78) Importer(815301076,1909f56bfc062723c751e8b465ee728b)  -> (artifact id: 'eca1a9ec0ab8048f854fbad01129a14a') in 0.040117 seconds 
========================================================================
Received Import Request.
  Time since last request: 0.659551 seconds.
  path: Assets/JKT_ART/mon_00/textures/bomb_body.tif
  artifactKey: Guid(0d891367e46bc1948a196c3ce86b3320) Importer(815301076,1909f56bfc062723c751e8b465ee728b)
Start importing Assets/JKT_ART/mon_00/textures/bomb_body.tif using Guid(0d891367e46bc1948a196c3ce86b3320) Importer(815301076,1909f56bfc062723c751e8b465ee728b)  -> (artifact id: 'f698ebe1e749196000fc8f1805c571a2') in 0.029693 seconds 
========================================================================
Received Import Request.
  Time since last request: 0.000014 seconds.
  path: Assets/JKT_ART/mon_00/textures/spark_fx01.png
  artifactKey: Guid(d34685e646db8ab4f8f85ac7bd8215e2) Importer(815301076,1909f56bfc062723c751e8b465ee728b)
Start importing Assets/JKT_ART/mon_00/textures/spark_fx01.png using Guid(d34685e646db8ab4f8f85ac7bd8215e2) Importer(815301076,1909f56bfc062723c751e8b465ee728b)  -> (artifact id: '1c74a6fe20e665e401ee40cec4ef7ccf') in 0.035865 seconds 
========================================================================
Received Import Request.
  Time since last request: 0.000016 seconds.
  path: Assets/JKT_ART/mon_00/textures/smoke_04.tif
  artifactKey: Guid(9e6b7cf215f5bbc47bc5e9a1fca225a5) Importer(815301076,1909f56bfc062723c751e8b465ee728b)
Start importing Assets/JKT_ART/mon_00/textures/smoke_04.tif using Guid(9e6b7cf215f5bbc47bc5e9a1fca225a5) Importer(815301076,1909f56bfc062723c751e8b465ee728b)  -> (artifact id: '1cc8e8dd00909c0c18845a493e402fdc') in 0.013453 seconds 
========================================================================
Received Import Request.
  Time since last request: 0.000017 seconds.
  path: Assets/JKT_ART/mon_00/textures/MatCap_bomb.psd
  artifactKey: Guid(1cfb24bbaa19e5b4f951d17037947b06) Importer(815301076,1909f56bfc062723c751e8b465ee728b)
Start importing Assets/JKT_ART/mon_00/textures/MatCap_bomb.psd using Guid(1cfb24bbaa19e5b4f951d17037947b06) Importer(815301076,1909f56bfc062723c751e8b465ee728b)  -> (artifact id: 'c7bd27a036a19b447c6f40d62b5bb910') in 0.017080 seconds 
========================================================================
Received Import Request.
  Time since last request: 0.000020 seconds.
  path: Assets/JKT_ART/mon_00/textures/spark_fx02.png
  artifactKey: Guid(bee89eba28e6caa43a65a58d6aaa1860) Importer(815301076,1909f56bfc062723c751e8b465ee728b)
Start importing Assets/JKT_ART/mon_00/textures/spark_fx02.png using Guid(bee89eba28e6caa43a65a58d6aaa1860) Importer(815301076,1909f56bfc062723c751e8b465ee728b)  -> (artifact id: '1dabf202b15da32a9d936bd14b642993') in 0.011760 seconds 
Editor requested this worker to shutdown with reason: Scaling down because of idle timeout
AssetImportWorker is now disconnected from the server
Process exiting
Exiting without the bug reporter. Application will terminate with return code 0